{"/work/backend/constants.js": {"path":"/work/backend/constants.js","statementMap":{"0":{"start":{"line":1,"column":19},"end":{"line":4,"column":1}},"1":{"start":{"line":6,"column":24},"end":{"line":6,"column":87}},"2":{"start":{"line":8,"column":20},"end":{"line":8,"column":59}},"3":{"start":{"line":10,"column":19},"end":{"line":10,"column":66}},"4":{"start":{"line":12,"column":0},"end":{"line":17,"column":2}}},"fnMap":{},"branchMap":{"0":{"loc":{"start":{"line":10,"column":19},"end":{"line":10,"column":66}},"type":"binary-expr","locations":[{"start":{"line":10,"column":19},"end":{"line":10,"column":41}},{"start":{"line":10,"column":45},"end":{"line":10,"column":66}}],"line":10}},"s":{"0":2,"1":2,"2":2,"3":2,"4":2},"f":{},"b":{"0":[2,2]},"_coverageSchema":"1a1c01bbd47fc00a2c39e90264f33305004495a9","hash":"5d42418d970cfe00d88133b4c70e2701f66e8f07"}
,"/work/backend/server.js": {"path":"/work/backend/server.js","statementMap":{"0":{"start":{"line":1,"column":0},"end":{"line":1,"column":27}},"1":{"start":{"line":2,"column":16},"end":{"line":2,"column":34}},"2":{"start":{"line":3,"column":17},"end":{"line":3,"column":36}},"3":{"start":{"line":4,"column":13},"end":{"line":4,"column":28}},"4":{"start":{"line":5,"column":23},"end":{"line":5,"column":51}},"5":{"start":{"line":6,"column":19},"end":{"line":6,"column":43}},"6":{"start":{"line":7,"column":22},"end":{"line":7,"column":49}},"7":{"start":{"line":9,"column":12},"end":{"line":9,"column":21}},"8":{"start":{"line":12,"column":0},"end":{"line":12,"column":16}},"9":{"start":{"line":13,"column":0},"end":{"line":13,"column":24}},"10":{"start":{"line":16,"column":0},"end":{"line":23,"column":3}},"11":{"start":{"line":17,"column":2},"end":{"line":22,"column":5}},"12":{"start":{"line":26,"column":0},"end":{"line":26,"column":33}},"13":{"start":{"line":27,"column":0},"end":{"line":27,"column":41}},"14":{"start":{"line":28,"column":0},"end":{"line":28,"column":39}},"15":{"start":{"line":31,"column":0},"end":{"line":33,"column":3}},"16":{"start":{"line":32,"column":2},"end":{"line":32,"column":55}},"17":{"start":{"line":36,"column":0},"end":{"line":39,"column":3}},"18":{"start":{"line":37,"column":2},"end":{"line":37,"column":27}},"19":{"start":{"line":38,"column":2},"end":{"line":38,"column":61}},"20":{"start":{"line":41,"column":13},"end":{"line":41,"column":37}},"21":{"start":{"line":44,"column":0},"end":{"line":57,"column":1}},"22":{"start":{"line":46,"column":2},"end":{"line":48,"column":124}},"23":{"start":{"line":47,"column":16},"end":{"line":47,"column":52}},"24":{"start":{"line":48,"column":22},"end":{"line":48,"column":122}},"25":{"start":{"line":51,"column":17},"end":{"line":54,"column":4}},"26":{"start":{"line":52,"column":4},"end":{"line":52,"column":50}},"27":{"start":{"line":53,"column":4},"end":{"line":53,"column":77}},"28":{"start":{"line":56,"column":2},"end":{"line":56,"column":33}},"29":{"start":{"line":59,"column":0},"end":{"line":59,"column":21}}},"fnMap":{"0":{"name":"(anonymous_0)","decl":{"start":{"line":16,"column":19},"end":{"line":16,"column":20}},"loc":{"start":{"line":16,"column":33},"end":{"line":23,"column":1}},"line":16},"1":{"name":"(anonymous_1)","decl":{"start":{"line":31,"column":8},"end":{"line":31,"column":9}},"loc":{"start":{"line":31,"column":22},"end":{"line":33,"column":1}},"line":31},"2":{"name":"(anonymous_2)","decl":{"start":{"line":36,"column":8},"end":{"line":36,"column":9}},"loc":{"start":{"line":36,"column":33},"end":{"line":39,"column":1}},"line":36},"3":{"name":"(anonymous_3)","decl":{"start":{"line":47,"column":10},"end":{"line":47,"column":11}},"loc":{"start":{"line":47,"column":16},"end":{"line":47,"column":52}},"line":47},"4":{"name":"(anonymous_4)","decl":{"start":{"line":48,"column":11},"end":{"line":48,"column":12}},"loc":{"start":{"line":48,"column":22},"end":{"line":48,"column":122}},"line":48},"5":{"name":"(anonymous_5)","decl":{"start":{"line":51,"column":34},"end":{"line":51,"column":35}},"loc":{"start":{"line":51,"column":40},"end":{"line":54,"column":3}},"line":51}},"branchMap":{"0":{"loc":{"start":{"line":41,"column":13},"end":{"line":41,"column":37}},"type":"binary-expr","locations":[{"start":{"line":41,"column":13},"end":{"line":41,"column":29}},{"start":{"line":41,"column":33},"end":{"line":41,"column":37}}],"line":41},"1":{"loc":{"start":{"line":44,"column":0},"end":{"line":57,"column":1}},"type":"if","locations":[{"start":{"line":44,"column":0},"end":{"line":57,"column":1}},{"start":{},"end":{}}],"line":44},"2":{"loc":{"start":{"line":46,"column":19},"end":{"line":46,"column":87}},"type":"binary-expr","locations":[{"start":{"line":46,"column":19},"end":{"line":46,"column":40}},{"start":{"line":46,"column":44},"end":{"line":46,"column":87}}],"line":46}},"s":{"0":1,"1":1,"2":1,"3":1,"4":1,"5":1,"6":1,"7":1,"8":1,"9":1,"10":1,"11":1,"12":1,"13":1,"14":1,"15":1,"16":0,"17":1,"18":0,"19":0,"20":1,"21":1,"22":0,"23":0,"24":0,"25":0,"26":0,"27":0,"28":0,"29":1},"f":{"0":1,"1":0,"2":0,"3":0,"4":0,"5":0},"b":{"0":[1,0],"1":[0,1],"2":[0,0]},"_coverageSchema":"1a1c01bbd47fc00a2c39e90264f33305004495a9","hash":"3b57faff747a6fd4825572a279cd439078978b73"}
,"/work/backend/models/User.js": {"path":"/work/backend/models/User.js","statementMap":{"0":{"start":{"line":1,"column":17},"end":{"line":1,"column":36}},"1":{"start":{"line":2,"column":15},"end":{"line":2,"column":34}},"2":{"start":{"line":4,"column":19},"end":{"line":19,"column":2}},"3":{"start":{"line":22,"column":0},"end":{"line":26,"column":3}},"4":{"start":{"line":23,"column":2},"end":{"line":23,"column":50}},"5":{"start":{"line":23,"column":36},"end":{"line":23,"column":50}},"6":{"start":{"line":24,"column":2},"end":{"line":24,"column":55}},"7":{"start":{"line":25,"column":2},"end":{"line":25,"column":9}},"8":{"start":{"line":28,"column":0},"end":{"line":30,"column":2}},"9":{"start":{"line":29,"column":2},"end":{"line":29,"column":58}},"10":{"start":{"line":32,"column":0},"end":{"line":32,"column":52}}},"fnMap":{"0":{"name":"(anonymous_0)","decl":{"start":{"line":22,"column":23},"end":{"line":22,"column":24}},"loc":{"start":{"line":22,"column":44},"end":{"line":26,"column":1}},"line":22},"1":{"name":"(anonymous_1)","decl":{"start":{"line":28,"column":37},"end":{"line":28,"column":38}},"loc":{"start":{"line":28,"column":71},"end":{"line":30,"column":1}},"line":28}},"branchMap":{"0":{"loc":{"start":{"line":23,"column":2},"end":{"line":23,"column":50}},"type":"if","locations":[{"start":{"line":23,"column":2},"end":{"line":23,"column":50}},{"start":{},"end":{}}],"line":23}},"s":{"0":1,"1":1,"2":1,"3":1,"4":0,"5":0,"6":0,"7":0,"8":1,"9":0,"10":1},"f":{"0":0,"1":0},"b":{"0":[0,0]},"_coverageSchema":"1a1c01bbd47fc00a2c39e90264f33305004495a9","hash":"f5165259cb0b5f993d8a25ac64f6a07b766c4676"}
,"/work/backend/routes/auth.js": {"path":"/work/backend/routes/auth.js","statementMap":{"0":{"start":{"line":1,"column":16},"end":{"line":1,"column":34}},"1":{"start":{"line":2,"column":15},"end":{"line":2,"column":31}},"2":{"start":{"line":3,"column":13},"end":{"line":3,"column":38}},"3":{"start":{"line":4,"column":12},"end":{"line":4,"column":35}},"4":{"start":{"line":5,"column":23},"end":{"line":5,"column":46}},"5":{"start":{"line":7,"column":22},"end":{"line":9,"column":1}},"6":{"start":{"line":8,"column":2},"end":{"line":8,"column":67}},"7":{"start":{"line":12,"column":0},"end":{"line":32,"column":3}},"8":{"start":{"line":13,"column":40},"end":{"line":13,"column":48}},"9":{"start":{"line":15,"column":2},"end":{"line":31,"column":3}},"10":{"start":{"line":16,"column":25},"end":{"line":16,"column":54}},"11":{"start":{"line":17,"column":4},"end":{"line":19,"column":5}},"12":{"start":{"line":18,"column":6},"end":{"line":18,"column":70}},"13":{"start":{"line":21,"column":17},"end":{"line":21,"column":56}},"14":{"start":{"line":22,"column":4},"end":{"line":22,"column":22}},"15":{"start":{"line":24,"column":18},"end":{"line":24,"column":41}},"16":{"start":{"line":25,"column":4},"end":{"line":28,"column":7}},"17":{"start":{"line":30,"column":4},"end":{"line":30,"column":51}},"18":{"start":{"line":35,"column":0},"end":{"line":52,"column":3}},"19":{"start":{"line":36,"column":30},"end":{"line":36,"column":38}},"20":{"start":{"line":38,"column":2},"end":{"line":51,"column":3}},"21":{"start":{"line":39,"column":17},"end":{"line":39,"column":46}},"22":{"start":{"line":40,"column":4},"end":{"line":42,"column":5}},"23":{"start":{"line":41,"column":6},"end":{"line":41,"column":70}},"24":{"start":{"line":44,"column":18},"end":{"line":44,"column":41}},"25":{"start":{"line":45,"column":4},"end":{"line":48,"column":7}},"26":{"start":{"line":50,"column":4},"end":{"line":50,"column":51}},"27":{"start":{"line":54,"column":0},"end":{"line":54,"column":24}}},"fnMap":{"0":{"name":"(anonymous_0)","decl":{"start":{"line":7,"column":22},"end":{"line":7,"column":23}},"loc":{"start":{"line":7,"column":34},"end":{"line":9,"column":1}},"line":7},"1":{"name":"(anonymous_1)","decl":{"start":{"line":12,"column":25},"end":{"line":12,"column":26}},"loc":{"start":{"line":12,"column":45},"end":{"line":32,"column":1}},"line":12},"2":{"name":"(anonymous_2)","decl":{"start":{"line":35,"column":22},"end":{"line":35,"column":23}},"loc":{"start":{"line":35,"column":42},"end":{"line":52,"column":1}},"line":35}},"branchMap":{"0":{"loc":{"start":{"line":17,"column":4},"end":{"line":19,"column":5}},"type":"if","locations":[{"start":{"line":17,"column":4},"end":{"line":19,"column":5}},{"start":{},"end":{}}],"line":17},"1":{"loc":{"start":{"line":40,"column":4},"end":{"line":42,"column":5}},"type":"if","locations":[{"start":{"line":40,"column":4},"end":{"line":42,"column":5}},{"start":{},"end":{}}],"line":40},"2":{"loc":{"start":{"line":40,"column":8},"end":{"line":40,"column":56}},"type":"binary-expr","locations":[{"start":{"line":40,"column":8},"end":{"line":40,"column":13}},{"start":{"line":40,"column":17},"end":{"line":40,"column":56}}],"line":40}},"s":{"0":1,"1":1,"2":1,"3":1,"4":1,"5":1,"6":0,"7":1,"8":0,"9":0,"10":0,"11":0,"12":0,"13":0,"14":0,"15":0,"16":0,"17":0,"18":1,"19":0,"20":0,"21":0,"22":0,"23":0,"24":0,"25":0,"26":0,"27":1},"f":{"0":0,"1":0,"2":0},"b":{"0":[0,0],"1":[0,0],"2":[0,0]},"_coverageSchema":"1a1c01bbd47fc00a2c39e90264f33305004495a9","hash":"147a813750758590375bec6d165562f56b5366a3"}
,"/work/backend/routes/budgets.js": {"path":"/work/backend/routes/budgets.js","statementMap":{"0":{"start":{"line":1,"column":16},"end":{"line":1,"column":34}},"1":{"start":{"line":2,"column":15},"end":{"line":2,"column":31}},"2":{"start":{"line":3,"column":15},"end":{"line":3,"column":42}},"3":{"start":{"line":4,"column":13},"end":{"line":4,"column":42}},"4":{"start":{"line":5,"column":23},"end":{"line":5,"column":53}},"5":{"start":{"line":8,"column":0},"end":{"line":15,"column":3}},"6":{"start":{"line":9,"column":2},"end":{"line":14,"column":3}},"7":{"start":{"line":10,"column":20},"end":{"line":10,"column":56}},"8":{"start":{"line":11,"column":4},"end":{"line":11,"column":22}},"9":{"start":{"line":13,"column":4},"end":{"line":13,"column":51}},"10":{"start":{"line":18,"column":0},"end":{"line":20,"column":3}},"11":{"start":{"line":19,"column":2},"end":{"line":19,"column":23}},"12":{"start":{"line":23,"column":0},"end":{"line":32,"column":3}},"13":{"start":{"line":24,"column":2},"end":{"line":31,"column":3}},"14":{"start":{"line":25,"column":24},"end":{"line":25,"column":75}},"15":{"start":{"line":26,"column":19},"end":{"line":26,"column":48}},"16":{"start":{"line":27,"column":4},"end":{"line":27,"column":41}},"17":{"start":{"line":29,"column":19},"end":{"line":29,"column":71}},"18":{"start":{"line":30,"column":4},"end":{"line":30,"column":54}},"19":{"start":{"line":35,"column":0},"end":{"line":45,"column":3}},"20":{"start":{"line":36,"column":2},"end":{"line":44,"column":3}},"21":{"start":{"line":37,"column":19},"end":{"line":37,"column":91}},"22":{"start":{"line":38,"column":4},"end":{"line":40,"column":5}},"23":{"start":{"line":39,"column":6},"end":{"line":39,"column":83}},"24":{"start":{"line":41,"column":4},"end":{"line":41,"column":44}},"25":{"start":{"line":43,"column":4},"end":{"line":43,"column":51}},"26":{"start":{"line":47,"column":0},"end":{"line":47,"column":24}}},"fnMap":{"0":{"name":"(anonymous_0)","decl":{"start":{"line":8,"column":22},"end":{"line":8,"column":23}},"loc":{"start":{"line":8,"column":42},"end":{"line":15,"column":1}},"line":8},"1":{"name":"(anonymous_1)","decl":{"start":{"line":18,"column":32},"end":{"line":18,"column":33}},"loc":{"start":{"line":18,"column":46},"end":{"line":20,"column":1}},"line":18},"2":{"name":"(anonymous_2)","decl":{"start":{"line":23,"column":23},"end":{"line":23,"column":24}},"loc":{"start":{"line":23,"column":43},"end":{"line":32,"column":1}},"line":23},"3":{"name":"(anonymous_3)","decl":{"start":{"line":35,"column":28},"end":{"line":35,"column":29}},"loc":{"start":{"line":35,"column":48},"end":{"line":45,"column":1}},"line":35}},"branchMap":{"0":{"loc":{"start":{"line":26,"column":19},"end":{"line":26,"column":48}},"type":"cond-expr","locations":[{"start":{"line":26,"column":39},"end":{"line":26,"column":42}},{"start":{"line":26,"column":45},"end":{"line":26,"column":48}}],"line":26},"1":{"loc":{"start":{"line":29,"column":19},"end":{"line":29,"column":71}},"type":"cond-expr","locations":[{"start":{"line":29,"column":62},"end":{"line":29,"column":65}},{"start":{"line":29,"column":68},"end":{"line":29,"column":71}}],"line":29},"2":{"loc":{"start":{"line":38,"column":4},"end":{"line":40,"column":5}},"type":"if","locations":[{"start":{"line":38,"column":4},"end":{"line":40,"column":5}},{"start":{},"end":{}}],"line":38}},"s":{"0":1,"1":1,"2":1,"3":1,"4":1,"5":1,"6":0,"7":0,"8":0,"9":0,"10":1,"11":0,"12":1,"13":1,"14":1,"15":1,"16":1,"17":0,"18":0,"19":1,"20":0,"21":0,"22":0,"23":0,"24":0,"25":0,"26":1},"f":{"0":0,"1":0,"2":1,"3":0},"b":{"0":[0,1],"1":[0,0],"2":[0,0]},"_coverageSchema":"1a1c01bbd47fc00a2c39e90264f33305004495a9","hash":"17ffd3e32931d935da72275b54725ae0df9378a3"}
,"/work/backend/routes/expenses.js": {"path":"/work/backend/routes/expenses.js","statementMap":{"0":{"start":{"line":1,"column":16},"end":{"line":1,"column":34}},"1":{"start":{"line":2,"column":15},"end":{"line":2,"column":31}},"2":{"start":{"line":3,"column":16},"end":{"line":3,"column":44}},"3":{"start":{"line":4,"column":13},"end":{"line":4,"column":42}},"4":{"start":{"line":5,"column":63},"end":{"line":5,"column":93}},"5":{"start":{"line":8,"column":20},"end":{"line":19,"column":1}},"6":{"start":{"line":9,"column":2},"end":{"line":18,"column":14}},"7":{"start":{"line":22,"column":0},"end":{"line":29,"column":3}},"8":{"start":{"line":23,"column":2},"end":{"line":28,"column":3}},"9":{"start":{"line":24,"column":21},"end":{"line":24,"column":58}},"10":{"start":{"line":25,"column":4},"end":{"line":25,"column":23}},"11":{"start":{"line":27,"column":4},"end":{"line":27,"column":51}},"12":{"start":{"line":32,"column":0},"end":{"line":42,"column":3}},"13":{"start":{"line":33,"column":2},"end":{"line":41,"column":3}},"14":{"start":{"line":34,"column":30},"end":{"line":37,"column":6}},"15":{"start":{"line":38,"column":4},"end":{"line":38,"column":32}},"16":{"start":{"line":40,"column":4},"end":{"line":40,"column":51}},"17":{"start":{"line":45,"column":0},"end":{"line":47,"column":3}},"18":{"start":{"line":46,"column":2},"end":{"line":46,"column":23}},"19":{"start":{"line":50,"column":0},"end":{"line":71,"column":3}},"20":{"start":{"line":51,"column":2},"end":{"line":70,"column":3}},"21":{"start":{"line":52,"column":21},"end":{"line":52,"column":58}},"22":{"start":{"line":54,"column":4},"end":{"line":56,"column":5}},"23":{"start":{"line":55,"column":6},"end":{"line":55,"column":72}},"24":{"start":{"line":58,"column":20},"end":{"line":58,"column":128}},"25":{"start":{"line":59,"column":14},"end":{"line":59,"column":38}},"26":{"start":{"line":61,"column":4},"end":{"line":63,"column":7}},"27":{"start":{"line":62,"column":6},"end":{"line":62,"column":37}},"28":{"start":{"line":65,"column":4},"end":{"line":65,"column":46}},"29":{"start":{"line":66,"column":4},"end":{"line":66,"column":78}},"30":{"start":{"line":67,"column":4},"end":{"line":67,"column":18}},"31":{"start":{"line":69,"column":4},"end":{"line":69,"column":51}},"32":{"start":{"line":74,"column":0},"end":{"line":89,"column":3}},"33":{"start":{"line":75,"column":2},"end":{"line":75,"column":56}},"34":{"start":{"line":75,"column":49},"end":{"line":75,"column":56}},"35":{"start":{"line":77,"column":20},"end":{"line":77,"column":50}},"36":{"start":{"line":78,"column":18},"end":{"line":81,"column":4}},"37":{"start":{"line":83,"column":2},"end":{"line":88,"column":3}},"38":{"start":{"line":84,"column":23},"end":{"line":84,"column":43}},"39":{"start":{"line":85,"column":4},"end":{"line":85,"column":37}},"40":{"start":{"line":87,"column":4},"end":{"line":87,"column":51}},"41":{"start":{"line":92,"column":0},"end":{"line":107,"column":3}},"42":{"start":{"line":93,"column":2},"end":{"line":106,"column":3}},"43":{"start":{"line":94,"column":18},"end":{"line":94,"column":82}},"44":{"start":{"line":95,"column":4},"end":{"line":97,"column":5}},"45":{"start":{"line":96,"column":6},"end":{"line":96,"column":84}},"46":{"start":{"line":99,"column":4},"end":{"line":99,"column":79}},"47":{"start":{"line":99,"column":72},"end":{"line":99,"column":79}},"48":{"start":{"line":101,"column":4},"end":{"line":101,"column":38}},"49":{"start":{"line":102,"column":27},"end":{"line":102,"column":47}},"50":{"start":{"line":103,"column":4},"end":{"line":103,"column":29}},"51":{"start":{"line":105,"column":4},"end":{"line":105,"column":51}},"52":{"start":{"line":110,"column":0},"end":{"line":120,"column":3}},"53":{"start":{"line":111,"column":2},"end":{"line":119,"column":3}},"54":{"start":{"line":112,"column":20},"end":{"line":112,"column":93}},"55":{"start":{"line":113,"column":4},"end":{"line":115,"column":5}},"56":{"start":{"line":114,"column":6},"end":{"line":114,"column":84}},"57":{"start":{"line":116,"column":4},"end":{"line":116,"column":45}},"58":{"start":{"line":118,"column":4},"end":{"line":118,"column":51}},"59":{"start":{"line":122,"column":0},"end":{"line":122,"column":24}}},"fnMap":{"0":{"name":"(anonymous_0)","decl":{"start":{"line":8,"column":20},"end":{"line":8,"column":21}},"loc":{"start":{"line":8,"column":29},"end":{"line":19,"column":1}},"line":8},"1":{"name":"(anonymous_1)","decl":{"start":{"line":22,"column":22},"end":{"line":22,"column":23}},"loc":{"start":{"line":22,"column":42},"end":{"line":29,"column":1}},"line":22},"2":{"name":"(anonymous_2)","decl":{"start":{"line":32,"column":31},"end":{"line":32,"column":32}},"loc":{"start":{"line":32,"column":51},"end":{"line":42,"column":1}},"line":32},"3":{"name":"(anonymous_3)","decl":{"start":{"line":45,"column":32},"end":{"line":45,"column":33}},"loc":{"start":{"line":45,"column":46},"end":{"line":47,"column":1}},"line":45},"4":{"name":"(anonymous_4)","decl":{"start":{"line":50,"column":28},"end":{"line":50,"column":29}},"loc":{"start":{"line":50,"column":48},"end":{"line":71,"column":1}},"line":50},"5":{"name":"(anonymous_5)","decl":{"start":{"line":61,"column":21},"end":{"line":61,"column":22}},"loc":{"start":{"line":61,"column":28},"end":{"line":63,"column":5}},"line":61},"6":{"name":"(anonymous_6)","decl":{"start":{"line":74,"column":23},"end":{"line":74,"column":24}},"loc":{"start":{"line":74,"column":43},"end":{"line":89,"column":1}},"line":74},"7":{"name":"(anonymous_7)","decl":{"start":{"line":92,"column":27},"end":{"line":92,"column":28}},"loc":{"start":{"line":92,"column":47},"end":{"line":107,"column":1}},"line":92},"8":{"name":"(anonymous_8)","decl":{"start":{"line":110,"column":28},"end":{"line":110,"column":29}},"loc":{"start":{"line":110,"column":48},"end":{"line":120,"column":1}},"line":110}},"branchMap":{"0":{"loc":{"start":{"line":13,"column":9},"end":{"line":13,"column":30}},"type":"binary-expr","locations":[{"start":{"line":13,"column":9},"end":{"line":13,"column":24}},{"start":{"line":13,"column":28},"end":{"line":13,"column":30}}],"line":13},"1":{"loc":{"start":{"line":14,"column":8},"end":{"line":14,"column":36}},"type":"binary-expr","locations":[{"start":{"line":14,"column":8},"end":{"line":14,"column":25}},{"start":{"line":14,"column":29},"end":{"line":14,"column":36}}],"line":14},"2":{"loc":{"start":{"line":15,"column":4},"end":{"line":15,"column":34}},"type":"cond-expr","locations":[{"start":{"line":15,"column":22},"end":{"line":15,"column":27}},{"start":{"line":15,"column":30},"end":{"line":15,"column":34}}],"line":15},"3":{"loc":{"start":{"line":16,"column":8},"end":{"line":16,"column":31}},"type":"binary-expr","locations":[{"start":{"line":16,"column":8},"end":{"line":16,"column":21}},{"start":{"line":16,"column":25},"end":{"line":16,"column":31}}],"line":16},"4":{"loc":{"start":{"line":17,"column":4},"end":{"line":17,"column":86}},"type":"cond-expr","locations":[{"start":{"line":17,"column":25},"end":{"line":17,"column":81}},{"start":{"line":17,"column":84},"end":{"line":17,"column":86}}],"line":17},"5":{"loc":{"start":{"line":54,"column":4},"end":{"line":56,"column":5}},"type":"if","locations":[{"start":{"line":54,"column":4},"end":{"line":56,"column":5}},{"start":{},"end":{}}],"line":54},"6":{"loc":{"start":{"line":75,"column":2},"end":{"line":75,"column":56}},"type":"if","locations":[{"start":{"line":75,"column":2},"end":{"line":75,"column":56}},{"start":{},"end":{}}],"line":75},"7":{"loc":{"start":{"line":95,"column":4},"end":{"line":97,"column":5}},"type":"if","locations":[{"start":{"line":95,"column":4},"end":{"line":97,"column":5}},{"start":{},"end":{}}],"line":95},"8":{"loc":{"start":{"line":99,"column":4},"end":{"line":99,"column":79}},"type":"if","locations":[{"start":{"line":99,"column":4},"end":{"line":99,"column":79}},{"start":{},"end":{}}],"line":99},"9":{"loc":{"start":{"line":99,"column":8},"end":{"line":99,"column":70}},"type":"binary-expr","locations":[{"start":{"line":99,"column":8},"end":{"line":99,"column":25}},{"start":{"line":99,"column":29},"end":{"line":99,"column":70}}],"line":99},"10":{"loc":{"start":{"line":113,"column":4},"end":{"line":115,"column":5}},"type":"if","locations":[{"start":{"line":113,"column":4},"end":{"line":115,"column":5}},{"start":{},"end":{}}],"line":113}},"s":{"0":1,"1":1,"2":1,"3":1,"4":1,"5":1,"6":0,"7":1,"8":0,"9":0,"10":0,"11":0,"12":1,"13":0,"14":0,"15":0,"16":0,"17":1,"18":1,"19":1,"20":0,"21":0,"22":0,"23":0,"24":0,"25":0,"26":0,"27":0,"28":0,"29":0,"30":0,"31":0,"32":1,"33":2,"34":1,"35":1,"36":1,"37":1,"38":1,"39":1,"40":0,"41":1,"42":0,"43":0,"44":0,"45":0,"46":0,"47":0,"48":0,"49":0,"50":0,"51":0,"52":1,"53":0,"54":0,"55":0,"56":0,"57":0,"58":0,"59":1},"f":{"0":0,"1":0,"2":0,"3":1,"4":0,"5":0,"6":2,"7":0,"8":0},"b":{"0":[0,0],"1":[0,0],"2":[0,0],"3":[0,0],"4":[0,0],"5":[0,0],"6":[1,1],"7":[0,0],"8":[0,0],"9":[0,0],"10":[0,0]},"_coverageSchema":"1a1c01bbd47fc00a2c39e90264f33305004495a9","hash":"76658ac521879af09096c44f6a0776592b804e5f"}
,"/work/backend/utils/validators.js": {"path":"/work/backend/utils/validators.js","statementMap":{"0":{"start":{"line":1,"column":53},"end":{"line":1,"column":76}},"1":{"start":{"line":9,"column":25},"end":{"line":19,"column":1}},"2":{"start":{"line":10,"column":2},"end":{"line":17,"column":3}},"3":{"start":{"line":11,"column":4},"end":{"line":15,"column":5}},"4":{"start":{"line":12,"column":6},"end":{"line":14,"column":9}},"5":{"start":{"line":16,"column":4},"end":{"line":16,"column":17}},"6":{"start":{"line":18,"column":2},"end":{"line":18,"column":14}},"7":{"start":{"line":26,"column":30},"end":{"line":28,"column":1}},"8":{"start":{"line":27,"column":2},"end":{"line":27,"column":53}},"9":{"start":{"line":35,"column":26},"end":{"line":37,"column":1}},"10":{"start":{"line":36,"column":2},"end":{"line":36,"column":51}},"11":{"start":{"line":43,"column":29},"end":{"line":54,"column":1}},"12":{"start":{"line":44,"column":2},"end":{"line":53,"column":4}},"13":{"start":{"line":56,"column":0},"end":{"line":64,"column":2}}},"fnMap":{"0":{"name":"(anonymous_0)","decl":{"start":{"line":9,"column":25},"end":{"line":9,"column":26}},"loc":{"start":{"line":9,"column":51},"end":{"line":19,"column":1}},"line":9},"1":{"name":"(anonymous_1)","decl":{"start":{"line":26,"column":30},"end":{"line":26,"column":31}},"loc":{"start":{"line":26,"column":42},"end":{"line":28,"column":1}},"line":26},"2":{"name":"(anonymous_2)","decl":{"start":{"line":35,"column":26},"end":{"line":35,"column":27}},"loc":{"start":{"line":35,"column":41},"end":{"line":37,"column":1}},"line":35},"3":{"name":"(anonymous_3)","decl":{"start":{"line":43,"column":29},"end":{"line":43,"column":30}},"loc":{"start":{"line":43,"column":39},"end":{"line":54,"column":1}},"line":43}},"branchMap":{"0":{"loc":{"start":{"line":9,"column":36},"end":{"line":9,"column":46}},"type":"default-arg","locations":[{"start":{"line":9,"column":42},"end":{"line":9,"column":46}}],"line":9},"1":{"loc":{"start":{"line":10,"column":2},"end":{"line":17,"column":3}},"type":"if","locations":[{"start":{"line":10,"column":2},"end":{"line":17,"column":3}},{"start":{},"end":{}}],"line":10},"2":{"loc":{"start":{"line":11,"column":4},"end":{"line":15,"column":5}},"type":"if","locations":[{"start":{"line":11,"column":4},"end":{"line":15,"column":5}},{"start":{},"end":{}}],"line":11},"3":{"loc":{"start":{"line":27,"column":34},"end":{"line":27,"column":51}},"type":"binary-expr","locations":[{"start":{"line":27,"column":34},"end":{"line":27,"column":40}},{"start":{"line":27,"column":44},"end":{"line":27,"column":51}}],"line":27},"4":{"loc":{"start":{"line":36,"column":30},"end":{"line":36,"column":49}},"type":"binary-expr","locations":[{"start":{"line":36,"column":30},"end":{"line":36,"column":39}},{"start":{"line":36,"column":43},"end":{"line":36,"column":49}}],"line":36},"5":{"loc":{"start":{"line":45,"column":12},"end":{"line":45,"column":40}},"type":"binary-expr","locations":[{"start":{"line":45,"column":12},"end":{"line":45,"column":35}},{"start":{"line":45,"column":39},"end":{"line":45,"column":40}}],"line":45},"6":{"loc":{"start":{"line":48,"column":10},"end":{"line":48,"column":33}},"type":"binary-expr","locations":[{"start":{"line":48,"column":10},"end":{"line":48,"column":19}},{"start":{"line":48,"column":23},"end":{"line":48,"column":33}}],"line":48},"7":{"loc":{"start":{"line":49,"column":19},"end":{"line":49,"column":48}},"type":"binary-expr","locations":[{"start":{"line":49,"column":19},"end":{"line":49,"column":37}},{"start":{"line":49,"column":41},"end":{"line":49,"column":48}}],"line":49},"8":{"loc":{"start":{"line":51,"column":15},"end":{"line":51,"column":39}},"type":"binary-expr","locations":[{"start":{"line":51,"column":15},"end":{"line":51,"column":29}},{"start":{"line":51,"column":33},"end":{"line":51,"column":39}}],"line":51},"9":{"loc":{"start":{"line":52,"column":20},"end":{"line":52,"column":47}},"type":"binary-expr","locations":[{"start":{"line":52,"column":20},"end":{"line":52,"column":39}},{"start":{"line":52,"column":43},"end":{"line":52,"column":47}}],"line":52}},"s":{"0":3,"1":3,"2":5,"3":2,"4":2,"5":2,"6":3,"7":3,"8":3,"9":3,"10":7,"11":3,"12":2,"13":3},"f":{"0":5,"1":3,"2":7,"3":2},"b":{"0":[2],"1":[2,3],"2":[2,0],"3":[3,1],"4":[7,0],"5":[2,0],"6":[2,2],"7":[2,2],"8":[2,0],"9":[2,2]},"_coverageSchema":"1a1c01bbd47fc00a2c39e90264f33305004495a9","hash":"de46c52dad87aaadee95a0db8190008684a945ef"}
}
