{"/work/backend/server.js": {"path":"/work/backend/server.js","statementMap":{"0":{"start":{"line":1,"column":0},"end":{"line":1,"column":27}},"1":{"start":{"line":2,"column":16},"end":{"line":2,"column":34}},"2":{"start":{"line":3,"column":17},"end":{"line":3,"column":36}},"3":{"start":{"line":4,"column":13},"end":{"line":4,"column":28}},"4":{"start":{"line":5,"column":23},"end":{"line":5,"column":51}},"5":{"start":{"line":6,"column":19},"end":{"line":6,"column":43}},"6":{"start":{"line":7,"column":22},"end":{"line":7,"column":49}},"7":{"start":{"line":9,"column":12},"end":{"line":9,"column":21}},"8":{"start":{"line":12,"column":0},"end":{"line":12,"column":16}},"9":{"start":{"line":13,"column":0},"end":{"line":13,"column":24}},"10":{"start":{"line":16,"column":0},"end":{"line":23,"column":3}},"11":{"start":{"line":17,"column":2},"end":{"line":22,"column":5}},"12":{"start":{"line":26,"column":0},"end":{"line":26,"column":33}},"13":{"start":{"line":27,"column":0},"end":{"line":27,"column":41}},"14":{"start":{"line":28,"column":0},"end":{"line":28,"column":39}},"15":{"start":{"line":31,"column":0},"end":{"line":33,"column":3}},"16":{"start":{"line":32,"column":2},"end":{"line":32,"column":55}},"17":{"start":{"line":36,"column":0},"end":{"line":39,"column":3}},"18":{"start":{"line":37,"column":2},"end":{"line":37,"column":27}},"19":{"start":{"line":38,"column":2},"end":{"line":38,"column":61}},"20":{"start":{"line":41,"column":13},"end":{"line":41,"column":37}},"21":{"start":{"line":44,"column":0},"end":{"line":57,"column":1}},"22":{"start":{"line":46,"column":2},"end":{"line":48,"column":124}},"23":{"start":{"line":47,"column":16},"end":{"line":47,"column":52}},"24":{"start":{"line":48,"column":22},"end":{"line":48,"column":122}},"25":{"start":{"line":51,"column":17},"end":{"line":54,"column":4}},"26":{"start":{"line":52,"column":4},"end":{"line":52,"column":50}},"27":{"start":{"line":53,"column":4},"end":{"line":53,"column":77}},"28":{"start":{"line":56,"column":2},"end":{"line":56,"column":33}},"29":{"start":{"line":59,"column":0},"end":{"line":59,"column":21}}},"fnMap":{"0":{"name":"(anonymous_0)","decl":{"start":{"line":16,"column":19},"end":{"line":16,"column":20}},"loc":{"start":{"line":16,"column":33},"end":{"line":23,"column":1}},"line":16},"1":{"name":"(anonymous_1)","decl":{"start":{"line":31,"column":8},"end":{"line":31,"column":9}},"loc":{"start":{"line":31,"column":22},"end":{"line":33,"column":1}},"line":31},"2":{"name":"(anonymous_2)","decl":{"start":{"line":36,"column":8},"end":{"line":36,"column":9}},"loc":{"start":{"line":36,"column":33},"end":{"line":39,"column":1}},"line":36},"3":{"name":"(anonymous_3)","decl":{"start":{"line":47,"column":10},"end":{"line":47,"column":11}},"loc":{"start":{"line":47,"column":16},"end":{"line":47,"column":52}},"line":47},"4":{"name":"(anonymous_4)","decl":{"start":{"line":48,"column":11},"end":{"line":48,"column":12}},"loc":{"start":{"line":48,"column":22},"end":{"line":48,"column":122}},"line":48},"5":{"name":"(anonymous_5)","decl":{"start":{"line":51,"column":34},"end":{"line":51,"column":35}},"loc":{"start":{"line":51,"column":40},"end":{"line":54,"column":3}},"line":51}},"branchMap":{"0":{"loc":{"start":{"line":41,"column":13},"end":{"line":41,"column":37}},"type":"binary-expr","locations":[{"start":{"line":41,"column":13},"end":{"line":41,"column":29}},{"start":{"line":41,"column":33},"end":{"line":41,"column":37}}],"line":41},"1":{"loc":{"start":{"line":44,"column":0},"end":{"line":57,"column":1}},"type":"if","locations":[{"start":{"line":44,"column":0},"end":{"line":57,"column":1}},{"start":{},"end":{}}],"line":44},"2":{"loc":{"start":{"line":46,"column":19},"end":{"line":46,"column":87}},"type":"binary-expr","locations":[{"start":{"line":46,"column":19},"end":{"line":46,"column":40}},{"start":{"line":46,"column":44},"end":{"line":46,"column":87}}],"line":46}},"s":{"0":1,"1":1,"2":1,"3":1,"4":1,"5":1,"6":1,"7":1,"8":1,"9":1,"10":1,"11":1,"12":1,"13":1,"14":1,"15":1,"16":0,"17":1,"18":0,"19":0,"20":1,"21":1,"22":0,"23":0,"24":0,"25":0,"26":0,"27":0,"28":0,"29":1},"f":{"0":1,"1":0,"2":0,"3":0,"4":0,"5":0},"b":{"0":[1,0],"1":[0,1],"2":[0,0]},"_coverageSchema":"1a1c01bbd47fc00a2c39e90264f33305004495a9","hash":"3b57faff747a6fd4825572a279cd439078978b73"}
,"/work/backend/models/User.js": {"path":"/work/backend/models/User.js","statementMap":{"0":{"start":{"line":1,"column":17},"end":{"line":1,"column":36}},"1":{"start":{"line":2,"column":15},"end":{"line":2,"column":34}},"2":{"start":{"line":4,"column":19},"end":{"line":19,"column":2}},"3":{"start":{"line":22,"column":0},"end":{"line":26,"column":3}},"4":{"start":{"line":23,"column":2},"end":{"line":23,"column":50}},"5":{"start":{"line":23,"column":36},"end":{"line":23,"column":50}},"6":{"start":{"line":24,"column":2},"end":{"line":24,"column":55}},"7":{"start":{"line":25,"column":2},"end":{"line":25,"column":9}},"8":{"start":{"line":28,"column":0},"end":{"line":30,"column":2}},"9":{"start":{"line":29,"column":2},"end":{"line":29,"column":58}},"10":{"start":{"line":32,"column":0},"end":{"line":32,"column":52}}},"fnMap":{"0":{"name":"(anonymous_0)","decl":{"start":{"line":22,"column":23},"end":{"line":22,"column":24}},"loc":{"start":{"line":22,"column":44},"end":{"line":26,"column":1}},"line":22},"1":{"name":"(anonymous_1)","decl":{"start":{"line":28,"column":37},"end":{"line":28,"column":38}},"loc":{"start":{"line":28,"column":71},"end":{"line":30,"column":1}},"line":28}},"branchMap":{"0":{"loc":{"start":{"line":23,"column":2},"end":{"line":23,"column":50}},"type":"if","locations":[{"start":{"line":23,"column":2},"end":{"line":23,"column":50}},{"start":{},"end":{}}],"line":23}},"s":{"0":1,"1":1,"2":1,"3":1,"4":0,"5":0,"6":0,"7":0,"8":1,"9":0,"10":1},"f":{"0":0,"1":0},"b":{"0":[0,0]},"_coverageSchema":"1a1c01bbd47fc00a2c39e90264f33305004495a9","hash":"f5165259cb0b5f993d8a25ac64f6a07b766c4676"}
,"/work/backend/routes/auth.js": {"path":"/work/backend/routes/auth.js","statementMap":{"0":{"start":{"line":1,"column":16},"end":{"line":1,"column":34}},"1":{"start":{"line":2,"column":15},"end":{"line":2,"column":31}},"2":{"start":{"line":3,"column":13},"end":{"line":3,"column":38}},"3":{"start":{"line":4,"column":12},"end":{"line":4,"column":35}},"4":{"start":{"line":5,"column":23},"end":{"line":5,"column":46}},"5":{"start":{"line":7,"column":22},"end":{"line":9,"column":1}},"6":{"start":{"line":8,"column":2},"end":{"line":8,"column":67}},"7":{"start":{"line":12,"column":0},"end":{"line":32,"column":3}},"8":{"start":{"line":13,"column":40},"end":{"line":13,"column":48}},"9":{"start":{"line":15,"column":2},"end":{"line":31,"column":3}},"10":{"start":{"line":16,"column":25},"end":{"line":16,"column":54}},"11":{"start":{"line":17,"column":4},"end":{"line":19,"column":5}},"12":{"start":{"line":18,"column":6},"end":{"line":18,"column":70}},"13":{"start":{"line":21,"column":17},"end":{"line":21,"column":56}},"14":{"start":{"line":22,"column":4},"end":{"line":22,"column":22}},"15":{"start":{"line":24,"column":18},"end":{"line":24,"column":41}},"16":{"start":{"line":25,"column":4},"end":{"line":28,"column":7}},"17":{"start":{"line":30,"column":4},"end":{"line":30,"column":51}},"18":{"start":{"line":35,"column":0},"end":{"line":52,"column":3}},"19":{"start":{"line":36,"column":30},"end":{"line":36,"column":38}},"20":{"start":{"line":38,"column":2},"end":{"line":51,"column":3}},"21":{"start":{"line":39,"column":17},"end":{"line":39,"column":46}},"22":{"start":{"line":40,"column":4},"end":{"line":42,"column":5}},"23":{"start":{"line":41,"column":6},"end":{"line":41,"column":70}},"24":{"start":{"line":44,"column":18},"end":{"line":44,"column":41}},"25":{"start":{"line":45,"column":4},"end":{"line":48,"column":7}},"26":{"start":{"line":50,"column":4},"end":{"line":50,"column":51}},"27":{"start":{"line":54,"column":0},"end":{"line":54,"column":24}}},"fnMap":{"0":{"name":"(anonymous_0)","decl":{"start":{"line":7,"column":22},"end":{"line":7,"column":23}},"loc":{"start":{"line":7,"column":34},"end":{"line":9,"column":1}},"line":7},"1":{"name":"(anonymous_1)","decl":{"start":{"line":12,"column":25},"end":{"line":12,"column":26}},"loc":{"start":{"line":12,"column":45},"end":{"line":32,"column":1}},"line":12},"2":{"name":"(anonymous_2)","decl":{"start":{"line":35,"column":22},"end":{"line":35,"column":23}},"loc":{"start":{"line":35,"column":42},"end":{"line":52,"column":1}},"line":35}},"branchMap":{"0":{"loc":{"start":{"line":17,"column":4},"end":{"line":19,"column":5}},"type":"if","locations":[{"start":{"line":17,"column":4},"end":{"line":19,"column":5}},{"start":{},"end":{}}],"line":17},"1":{"loc":{"start":{"line":40,"column":4},"end":{"line":42,"column":5}},"type":"if","locations":[{"start":{"line":40,"column":4},"end":{"line":42,"column":5}},{"start":{},"end":{}}],"line":40},"2":{"loc":{"start":{"line":40,"column":8},"end":{"line":40,"column":56}},"type":"binary-expr","locations":[{"start":{"line":40,"column":8},"end":{"line":40,"column":13}},{"start":{"line":40,"column":17},"end":{"line":40,"column":56}}],"line":40}},"s":{"0":1,"1":1,"2":1,"3":1,"4":1,"5":1,"6":0,"7":1,"8":0,"9":0,"10":0,"11":0,"12":0,"13":0,"14":0,"15":0,"16":0,"17":0,"18":1,"19":0,"20":0,"21":0,"22":0,"23":0,"24":0,"25":0,"26":0,"27":1},"f":{"0":0,"1":0,"2":0},"b":{"0":[0,0],"1":[0,0],"2":[0,0]},"_coverageSchema":"1a1c01bbd47fc00a2c39e90264f33305004495a9","hash":"147a813750758590375bec6d165562f56b5366a3"}
,"/work/backend/routes/budgets.js": {"path":"/work/backend/routes/budgets.js","statementMap":{"0":{"start":{"line":1,"column":16},"end":{"line":1,"column":34}},"1":{"start":{"line":2,"column":15},"end":{"line":2,"column":31}},"2":{"start":{"line":3,"column":15},"end":{"line":3,"column":42}},"3":{"start":{"line":4,"column":13},"end":{"line":4,"column":42}},"4":{"start":{"line":5,"column":23},"end":{"line":5,"column":46}},"5":{"start":{"line":8,"column":0},"end":{"line":15,"column":3}},"6":{"start":{"line":9,"column":2},"end":{"line":14,"column":3}},"7":{"start":{"line":10,"column":20},"end":{"line":10,"column":82}},"8":{"start":{"line":11,"column":4},"end":{"line":11,"column":22}},"9":{"start":{"line":13,"column":4},"end":{"line":13,"column":51}},"10":{"start":{"line":18,"column":0},"end":{"line":20,"column":3}},"11":{"start":{"line":19,"column":2},"end":{"line":19,"column":23}},"12":{"start":{"line":23,"column":0},"end":{"line":56,"column":3}},"13":{"start":{"line":24,"column":39},"end":{"line":24,"column":47}},"14":{"start":{"line":26,"column":2},"end":{"line":28,"column":3}},"15":{"start":{"line":27,"column":4},"end":{"line":27,"column":106}},"16":{"start":{"line":30,"column":2},"end":{"line":55,"column":3}},"17":{"start":{"line":31,"column":17},"end":{"line":35,"column":6}},"18":{"start":{"line":37,"column":4},"end":{"line":52,"column":5}},"19":{"start":{"line":38,"column":6},"end":{"line":38,"column":41}},"20":{"start":{"line":39,"column":6},"end":{"line":39,"column":41}},"21":{"start":{"line":39,"column":18},"end":{"line":39,"column":41}},"22":{"start":{"line":40,"column":6},"end":{"line":40,"column":36}},"23":{"start":{"line":41,"column":28},"end":{"line":41,"column":47}},"24":{"start":{"line":42,"column":6},"end":{"line":42,"column":37}},"25":{"start":{"line":44,"column":6},"end":{"line":49,"column":9}},"26":{"start":{"line":50,"column":24},"end":{"line":50,"column":43}},"27":{"start":{"line":51,"column":6},"end":{"line":51,"column":45}},"28":{"start":{"line":54,"column":4},"end":{"line":54,"column":51}},"29":{"start":{"line":59,"column":0},"end":{"line":69,"column":3}},"30":{"start":{"line":60,"column":2},"end":{"line":68,"column":3}},"31":{"start":{"line":61,"column":19},"end":{"line":61,"column":91}},"32":{"start":{"line":62,"column":4},"end":{"line":64,"column":5}},"33":{"start":{"line":63,"column":6},"end":{"line":63,"column":83}},"34":{"start":{"line":65,"column":4},"end":{"line":65,"column":44}},"35":{"start":{"line":67,"column":4},"end":{"line":67,"column":51}},"36":{"start":{"line":71,"column":0},"end":{"line":71,"column":24}}},"fnMap":{"0":{"name":"(anonymous_0)","decl":{"start":{"line":8,"column":22},"end":{"line":8,"column":23}},"loc":{"start":{"line":8,"column":42},"end":{"line":15,"column":1}},"line":8},"1":{"name":"(anonymous_1)","decl":{"start":{"line":18,"column":32},"end":{"line":18,"column":33}},"loc":{"start":{"line":18,"column":46},"end":{"line":20,"column":1}},"line":18},"2":{"name":"(anonymous_2)","decl":{"start":{"line":23,"column":23},"end":{"line":23,"column":24}},"loc":{"start":{"line":23,"column":43},"end":{"line":56,"column":1}},"line":23},"3":{"name":"(anonymous_3)","decl":{"start":{"line":59,"column":28},"end":{"line":59,"column":29}},"loc":{"start":{"line":59,"column":48},"end":{"line":69,"column":1}},"line":59}},"branchMap":{"0":{"loc":{"start":{"line":26,"column":2},"end":{"line":28,"column":3}},"type":"if","locations":[{"start":{"line":26,"column":2},"end":{"line":28,"column":3}},{"start":{},"end":{}}],"line":26},"1":{"loc":{"start":{"line":34,"column":14},"end":{"line":34,"column":33}},"type":"binary-expr","locations":[{"start":{"line":34,"column":14},"end":{"line":34,"column":20}},{"start":{"line":34,"column":24},"end":{"line":34,"column":33}}],"line":34},"2":{"loc":{"start":{"line":37,"column":4},"end":{"line":52,"column":5}},"type":"if","locations":[{"start":{"line":37,"column":4},"end":{"line":52,"column":5}},{"start":{"line":43,"column":11},"end":{"line":52,"column":5}}],"line":37},"3":{"loc":{"start":{"line":39,"column":6},"end":{"line":39,"column":41}},"type":"if","locations":[{"start":{"line":39,"column":6},"end":{"line":39,"column":41}},{"start":{},"end":{}}],"line":39},"4":{"loc":{"start":{"line":47,"column":16},"end":{"line":47,"column":35}},"type":"binary-expr","locations":[{"start":{"line":47,"column":16},"end":{"line":47,"column":22}},{"start":{"line":47,"column":26},"end":{"line":47,"column":35}}],"line":47},"5":{"loc":{"start":{"line":62,"column":4},"end":{"line":64,"column":5}},"type":"if","locations":[{"start":{"line":62,"column":4},"end":{"line":64,"column":5}},{"start":{},"end":{}}],"line":62}},"s":{"0":1,"1":1,"2":1,"3":1,"4":1,"5":1,"6":0,"7":0,"8":0,"9":0,"10":1,"11":0,"12":1,"13":1,"14":1,"15":0,"16":1,"17":1,"18":1,"19":0,"20":0,"21":0,"22":0,"23":0,"24":0,"25":1,"26":1,"27":1,"28":0,"29":1,"30":0,"31":0,"32":0,"33":0,"34":0,"35":0,"36":1},"f":{"0":0,"1":0,"2":1,"3":0},"b":{"0":[0,1],"1":[1,1],"2":[0,1],"3":[0,0],"4":[1,1],"5":[0,0]},"_coverageSchema":"1a1c01bbd47fc00a2c39e90264f33305004495a9","hash":"4beb578e270e1c6fa84a520797ba9f733ab3ba08"}
,"/work/backend/routes/expenses.js": {"path":"/work/backend/routes/expenses.js","statementMap":{"0":{"start":{"line":1,"column":16},"end":{"line":1,"column":34}},"1":{"start":{"line":2,"column":15},"end":{"line":2,"column":31}},"2":{"start":{"line":3,"column":16},"end":{"line":3,"column":44}},"3":{"start":{"line":4,"column":13},"end":{"line":4,"column":42}},"4":{"start":{"line":5,"column":53},"end":{"line":5,"column":76}},"5":{"start":{"line":8,"column":25},"end":{"line":14,"column":1}},"6":{"start":{"line":9,"column":2},"end":{"line":12,"column":3}},"7":{"start":{"line":10,"column":4},"end":{"line":10,"column":99}},"8":{"start":{"line":11,"column":4},"end":{"line":11,"column":17}},"9":{"start":{"line":13,"column":2},"end":{"line":13,"column":14}},"10":{"start":{"line":17,"column":20},"end":{"line":28,"column":1}},"11":{"start":{"line":18,"column":2},"end":{"line":27,"column":14}},"12":{"start":{"line":31,"column":0},"end":{"line":38,"column":3}},"13":{"start":{"line":32,"column":2},"end":{"line":37,"column":3}},"14":{"start":{"line":33,"column":21},"end":{"line":33,"column":81}},"15":{"start":{"line":34,"column":4},"end":{"line":34,"column":23}},"16":{"start":{"line":36,"column":4},"end":{"line":36,"column":51}},"17":{"start":{"line":41,"column":0},"end":{"line":52,"column":3}},"18":{"start":{"line":42,"column":2},"end":{"line":51,"column":3}},"19":{"start":{"line":43,"column":30},"end":{"line":47,"column":34}},"20":{"start":{"line":48,"column":4},"end":{"line":48,"column":32}},"21":{"start":{"line":50,"column":4},"end":{"line":50,"column":51}},"22":{"start":{"line":55,"column":0},"end":{"line":57,"column":3}},"23":{"start":{"line":56,"column":2},"end":{"line":56,"column":23}},"24":{"start":{"line":60,"column":0},"end":{"line":81,"column":3}},"25":{"start":{"line":61,"column":2},"end":{"line":80,"column":3}},"26":{"start":{"line":62,"column":21},"end":{"line":62,"column":81}},"27":{"start":{"line":64,"column":4},"end":{"line":66,"column":5}},"28":{"start":{"line":65,"column":6},"end":{"line":65,"column":72}},"29":{"start":{"line":68,"column":20},"end":{"line":68,"column":128}},"30":{"start":{"line":69,"column":14},"end":{"line":69,"column":38}},"31":{"start":{"line":71,"column":4},"end":{"line":73,"column":7}},"32":{"start":{"line":72,"column":6},"end":{"line":72,"column":37}},"33":{"start":{"line":75,"column":4},"end":{"line":75,"column":46}},"34":{"start":{"line":76,"column":4},"end":{"line":76,"column":78}},"35":{"start":{"line":77,"column":4},"end":{"line":77,"column":18}},"36":{"start":{"line":79,"column":4},"end":{"line":79,"column":51}},"37":{"start":{"line":84,"column":0},"end":{"line":107,"column":3}},"38":{"start":{"line":85,"column":105},"end":{"line":85,"column":113}},"39":{"start":{"line":87,"column":2},"end":{"line":87,"column":47}},"40":{"start":{"line":87,"column":40},"end":{"line":87,"column":47}},"41":{"start":{"line":89,"column":18},"end":{"line":99,"column":4}},"42":{"start":{"line":101,"column":2},"end":{"line":106,"column":3}},"43":{"start":{"line":102,"column":23},"end":{"line":102,"column":43}},"44":{"start":{"line":103,"column":4},"end":{"line":103,"column":37}},"45":{"start":{"line":105,"column":4},"end":{"line":105,"column":51}},"46":{"start":{"line":110,"column":0},"end":{"line":133,"column":3}},"47":{"start":{"line":111,"column":2},"end":{"line":132,"column":3}},"48":{"start":{"line":112,"column":20},"end":{"line":112,"column":84}},"49":{"start":{"line":113,"column":4},"end":{"line":115,"column":5}},"50":{"start":{"line":114,"column":6},"end":{"line":114,"column":84}},"51":{"start":{"line":117,"column":4},"end":{"line":117,"column":79}},"52":{"start":{"line":117,"column":72},"end":{"line":117,"column":79}},"53":{"start":{"line":119,"column":4},"end":{"line":119,"column":70}},"54":{"start":{"line":119,"column":25},"end":{"line":119,"column":70}},"55":{"start":{"line":120,"column":4},"end":{"line":120,"column":64}},"56":{"start":{"line":120,"column":27},"end":{"line":120,"column":64}},"57":{"start":{"line":121,"column":4},"end":{"line":121,"column":73}},"58":{"start":{"line":121,"column":30},"end":{"line":121,"column":73}},"59":{"start":{"line":122,"column":4},"end":{"line":122,"column":52}},"60":{"start":{"line":122,"column":23},"end":{"line":122,"column":52}},"61":{"start":{"line":123,"column":4},"end":{"line":123,"column":79}},"62":{"start":{"line":123,"column":32},"end":{"line":123,"column":79}},"63":{"start":{"line":124,"column":4},"end":{"line":124,"column":87}},"64":{"start":{"line":124,"column":44},"end":{"line":124,"column":87}},"65":{"start":{"line":125,"column":4},"end":{"line":125,"column":67}},"66":{"start":{"line":125,"column":28},"end":{"line":125,"column":67}},"67":{"start":{"line":126,"column":4},"end":{"line":126,"column":82}},"68":{"start":{"line":126,"column":33},"end":{"line":126,"column":82}},"69":{"start":{"line":128,"column":27},"end":{"line":128,"column":47}},"70":{"start":{"line":129,"column":4},"end":{"line":129,"column":29}},"71":{"start":{"line":131,"column":4},"end":{"line":131,"column":51}},"72":{"start":{"line":136,"column":0},"end":{"line":146,"column":3}},"73":{"start":{"line":137,"column":2},"end":{"line":145,"column":3}},"74":{"start":{"line":138,"column":20},"end":{"line":138,"column":93}},"75":{"start":{"line":139,"column":4},"end":{"line":141,"column":5}},"76":{"start":{"line":140,"column":6},"end":{"line":140,"column":84}},"77":{"start":{"line":142,"column":4},"end":{"line":142,"column":45}},"78":{"start":{"line":144,"column":4},"end":{"line":144,"column":51}},"79":{"start":{"line":148,"column":0},"end":{"line":148,"column":24}}},"fnMap":{"0":{"name":"(anonymous_0)","decl":{"start":{"line":8,"column":25},"end":{"line":8,"column":26}},"loc":{"start":{"line":8,"column":44},"end":{"line":14,"column":1}},"line":8},"1":{"name":"(anonymous_1)","decl":{"start":{"line":17,"column":20},"end":{"line":17,"column":21}},"loc":{"start":{"line":17,"column":29},"end":{"line":28,"column":1}},"line":17},"2":{"name":"(anonymous_2)","decl":{"start":{"line":31,"column":22},"end":{"line":31,"column":23}},"loc":{"start":{"line":31,"column":42},"end":{"line":38,"column":1}},"line":31},"3":{"name":"(anonymous_3)","decl":{"start":{"line":41,"column":31},"end":{"line":41,"column":32}},"loc":{"start":{"line":41,"column":51},"end":{"line":52,"column":1}},"line":41},"4":{"name":"(anonymous_4)","decl":{"start":{"line":55,"column":32},"end":{"line":55,"column":33}},"loc":{"start":{"line":55,"column":46},"end":{"line":57,"column":1}},"line":55},"5":{"name":"(anonymous_5)","decl":{"start":{"line":60,"column":28},"end":{"line":60,"column":29}},"loc":{"start":{"line":60,"column":48},"end":{"line":81,"column":1}},"line":60},"6":{"name":"(anonymous_6)","decl":{"start":{"line":71,"column":21},"end":{"line":71,"column":22}},"loc":{"start":{"line":71,"column":28},"end":{"line":73,"column":5}},"line":71},"7":{"name":"(anonymous_7)","decl":{"start":{"line":84,"column":23},"end":{"line":84,"column":24}},"loc":{"start":{"line":84,"column":43},"end":{"line":107,"column":1}},"line":84},"8":{"name":"(anonymous_8)","decl":{"start":{"line":110,"column":27},"end":{"line":110,"column":28}},"loc":{"start":{"line":110,"column":47},"end":{"line":133,"column":1}},"line":110},"9":{"name":"(anonymous_9)","decl":{"start":{"line":136,"column":28},"end":{"line":136,"column":29}},"loc":{"start":{"line":136,"column":48},"end":{"line":146,"column":1}},"line":136}},"branchMap":{"0":{"loc":{"start":{"line":9,"column":2},"end":{"line":12,"column":3}},"type":"if","locations":[{"start":{"line":9,"column":2},"end":{"line":12,"column":3}},{"start":{},"end":{}}],"line":9},"1":{"loc":{"start":{"line":22,"column":9},"end":{"line":22,"column":30}},"type":"binary-expr","locations":[{"start":{"line":22,"column":9},"end":{"line":22,"column":24}},{"start":{"line":22,"column":28},"end":{"line":22,"column":30}}],"line":22},"2":{"loc":{"start":{"line":23,"column":8},"end":{"line":23,"column":36}},"type":"binary-expr","locations":[{"start":{"line":23,"column":8},"end":{"line":23,"column":25}},{"start":{"line":23,"column":29},"end":{"line":23,"column":36}}],"line":23},"3":{"loc":{"start":{"line":24,"column":4},"end":{"line":24,"column":34}},"type":"cond-expr","locations":[{"start":{"line":24,"column":22},"end":{"line":24,"column":27}},{"start":{"line":24,"column":30},"end":{"line":24,"column":34}}],"line":24},"4":{"loc":{"start":{"line":25,"column":8},"end":{"line":25,"column":31}},"type":"binary-expr","locations":[{"start":{"line":25,"column":8},"end":{"line":25,"column":21}},{"start":{"line":25,"column":25},"end":{"line":25,"column":31}}],"line":25},"5":{"loc":{"start":{"line":26,"column":4},"end":{"line":26,"column":86}},"type":"cond-expr","locations":[{"start":{"line":26,"column":25},"end":{"line":26,"column":81}},{"start":{"line":26,"column":84},"end":{"line":26,"column":86}}],"line":26},"6":{"loc":{"start":{"line":64,"column":4},"end":{"line":66,"column":5}},"type":"if","locations":[{"start":{"line":64,"column":4},"end":{"line":66,"column":5}},{"start":{},"end":{}}],"line":64},"7":{"loc":{"start":{"line":87,"column":2},"end":{"line":87,"column":47}},"type":"if","locations":[{"start":{"line":87,"column":2},"end":{"line":87,"column":47}},{"start":{},"end":{}}],"line":87},"8":{"loc":{"start":{"line":93,"column":10},"end":{"line":93,"column":28}},"type":"binary-expr","locations":[{"start":{"line":93,"column":10},"end":{"line":93,"column":14}},{"start":{"line":93,"column":18},"end":{"line":93,"column":28}}],"line":93},"9":{"loc":{"start":{"line":94,"column":19},"end":{"line":94,"column":43}},"type":"binary-expr","locations":[{"start":{"line":94,"column":19},"end":{"line":94,"column":32}},{"start":{"line":94,"column":36},"end":{"line":94,"column":43}}],"line":94},"10":{"loc":{"start":{"line":95,"column":17},"end":{"line":95,"column":37}},"type":"binary-expr","locations":[{"start":{"line":95,"column":17},"end":{"line":95,"column":28}},{"start":{"line":95,"column":32},"end":{"line":95,"column":37}}],"line":95},"11":{"loc":{"start":{"line":96,"column":15},"end":{"line":96,"column":34}},"type":"binary-expr","locations":[{"start":{"line":96,"column":15},"end":{"line":96,"column":24}},{"start":{"line":96,"column":28},"end":{"line":96,"column":34}}],"line":96},"12":{"loc":{"start":{"line":97,"column":20},"end":{"line":97,"column":42}},"type":"binary-expr","locations":[{"start":{"line":97,"column":20},"end":{"line":97,"column":34}},{"start":{"line":97,"column":38},"end":{"line":97,"column":42}}],"line":97},"13":{"loc":{"start":{"line":113,"column":4},"end":{"line":115,"column":5}},"type":"if","locations":[{"start":{"line":113,"column":4},"end":{"line":115,"column":5}},{"start":{},"end":{}}],"line":113},"14":{"loc":{"start":{"line":117,"column":4},"end":{"line":117,"column":79}},"type":"if","locations":[{"start":{"line":117,"column":4},"end":{"line":117,"column":79}},{"start":{},"end":{}}],"line":117},"15":{"loc":{"start":{"line":117,"column":8},"end":{"line":117,"column":70}},"type":"binary-expr","locations":[{"start":{"line":117,"column":8},"end":{"line":117,"column":25}},{"start":{"line":117,"column":29},"end":{"line":117,"column":70}}],"line":117},"16":{"loc":{"start":{"line":119,"column":4},"end":{"line":119,"column":70}},"type":"if","locations":[{"start":{"line":119,"column":4},"end":{"line":119,"column":70}},{"start":{},"end":{}}],"line":119},"17":{"loc":{"start":{"line":120,"column":4},"end":{"line":120,"column":64}},"type":"if","locations":[{"start":{"line":120,"column":4},"end":{"line":120,"column":64}},{"start":{},"end":{}}],"line":120},"18":{"loc":{"start":{"line":121,"column":4},"end":{"line":121,"column":73}},"type":"if","locations":[{"start":{"line":121,"column":4},"end":{"line":121,"column":73}},{"start":{},"end":{}}],"line":121},"19":{"loc":{"start":{"line":122,"column":4},"end":{"line":122,"column":52}},"type":"if","locations":[{"start":{"line":122,"column":4},"end":{"line":122,"column":52}},{"start":{},"end":{}}],"line":122},"20":{"loc":{"start":{"line":123,"column":4},"end":{"line":123,"column":79}},"type":"if","locations":[{"start":{"line":123,"column":4},"end":{"line":123,"column":79}},{"start":{},"end":{}}],"line":123},"21":{"loc":{"start":{"line":124,"column":4},"end":{"line":124,"column":87}},"type":"if","locations":[{"start":{"line":124,"column":4},"end":{"line":124,"column":87}},{"start":{},"end":{}}],"line":124},"22":{"loc":{"start":{"line":125,"column":4},"end":{"line":125,"column":67}},"type":"if","locations":[{"start":{"line":125,"column":4},"end":{"line":125,"column":67}},{"start":{},"end":{}}],"line":125},"23":{"loc":{"start":{"line":126,"column":4},"end":{"line":126,"column":82}},"type":"if","locations":[{"start":{"line":126,"column":4},"end":{"line":126,"column":82}},{"start":{},"end":{}}],"line":126},"24":{"loc":{"start":{"line":139,"column":4},"end":{"line":141,"column":5}},"type":"if","locations":[{"start":{"line":139,"column":4},"end":{"line":141,"column":5}},{"start":{},"end":{}}],"line":139}},"s":{"0":1,"1":1,"2":1,"3":1,"4":1,"5":1,"6":2,"7":1,"8":1,"9":1,"10":1,"11":0,"12":1,"13":0,"14":0,"15":0,"16":0,"17":1,"18":0,"19":0,"20":0,"21":0,"22":1,"23":1,"24":1,"25":0,"26":0,"27":0,"28":0,"29":0,"30":0,"31":0,"32":0,"33":0,"34":0,"35":0,"36":0,"37":1,"38":2,"39":2,"40":1,"41":1,"42":1,"43":1,"44":1,"45":0,"46":1,"47":0,"48":0,"49":0,"50":0,"51":0,"52":0,"53":0,"54":0,"55":0,"56":0,"57":0,"58":0,"59":0,"60":0,"61":0,"62":0,"63":0,"64":0,"65":0,"66":0,"67":0,"68":0,"69":0,"70":0,"71":0,"72":1,"73":0,"74":0,"75":0,"76":0,"77":0,"78":0,"79":1},"f":{"0":2,"1":0,"2":0,"3":0,"4":1,"5":0,"6":0,"7":2,"8":0,"9":0},"b":{"0":[1,1],"1":[0,0],"2":[0,0],"3":[0,0],"4":[0,0],"5":[0,0],"6":[0,0],"7":[1,1],"8":[1,1],"9":[1,1],"10":[1,0],"11":[1,0],"12":[1,1],"13":[0,0],"14":[0,0],"15":[0,0],"16":[0,0],"17":[0,0],"18":[0,0],"19":[0,0],"20":[0,0],"21":[0,0],"22":[0,0],"23":[0,0],"24":[0,0]},"_coverageSchema":"1a1c01bbd47fc00a2c39e90264f33305004495a9","hash":"76137299d1cff3c77f82bb997b41045a8c4ffaa4"}
}
