TN:
SF:constants.js
FNF:0
FNH:0
DA:1,2
DA:6,2
DA:8,2
DA:10,2
DA:12,2
LF:5
LH:5
BRDA:10,0,0,2
BRDA:10,0,1,2
BRF:2
BRH:2
end_of_record
TN:
SF:server.js
FN:16,(anonymous_0)
FN:31,(anonymous_1)
FN:36,(anonymous_2)
FN:47,(anonymous_3)
FN:48,(anonymous_4)
FN:51,(anonymous_5)
FNF:6
FNH:1
FNDA:1,(anonymous_0)
FNDA:0,(anonymous_1)
FNDA:0,(anonymous_2)
FNDA:0,(anonymous_3)
FNDA:0,(anonymous_4)
FNDA:0,(anonymous_5)
DA:1,1
DA:2,1
DA:3,1
DA:4,1
DA:5,1
DA:6,1
DA:7,1
DA:9,1
DA:12,1
DA:13,1
DA:16,1
DA:17,1
DA:26,1
DA:27,1
DA:28,1
DA:31,1
DA:32,0
DA:36,1
DA:37,0
DA:38,0
DA:41,1
DA:44,1
DA:46,0
DA:47,0
DA:48,0
DA:51,0
DA:52,0
DA:53,0
DA:56,0
DA:59,1
LF:30
LH:20
BRDA:41,0,0,1
BRDA:41,0,1,0
BRDA:44,1,0,0
BRDA:44,1,1,1
BRDA:46,2,0,0
BRDA:46,2,1,0
BRF:6
BRH:2
end_of_record
TN:
SF:models/User.js
FN:22,(anonymous_0)
FN:28,(anonymous_1)
FNF:2
FNH:0
FNDA:0,(anonymous_0)
FNDA:0,(anonymous_1)
DA:1,1
DA:2,1
DA:4,1
DA:22,1
DA:23,0
DA:24,0
DA:25,0
DA:28,1
DA:29,0
DA:32,1
LF:10
LH:6
BRDA:23,0,0,0
BRDA:23,0,1,0
BRF:2
BRH:0
end_of_record
TN:
SF:routes/auth.js
FN:7,(anonymous_0)
FN:12,(anonymous_1)
FN:35,(anonymous_2)
FNF:3
FNH:0
FNDA:0,(anonymous_0)
FNDA:0,(anonymous_1)
FNDA:0,(anonymous_2)
DA:1,1
DA:2,1
DA:3,1
DA:4,1
DA:5,1
DA:7,1
DA:8,0
DA:12,1
DA:13,0
DA:15,0
DA:16,0
DA:17,0
DA:18,0
DA:21,0
DA:22,0
DA:24,0
DA:25,0
DA:30,0
DA:35,1
DA:36,0
DA:38,0
DA:39,0
DA:40,0
DA:41,0
DA:44,0
DA:45,0
DA:50,0
DA:54,1
LF:28
LH:9
BRDA:17,0,0,0
BRDA:17,0,1,0
BRDA:40,1,0,0
BRDA:40,1,1,0
BRDA:40,2,0,0
BRDA:40,2,1,0
BRF:6
BRH:0
end_of_record
TN:
SF:routes/budgets.js
FN:8,(anonymous_0)
FN:18,(anonymous_1)
FN:23,(anonymous_2)
FN:35,(anonymous_3)
FNF:4
FNH:1
FNDA:0,(anonymous_0)
FNDA:0,(anonymous_1)
FNDA:1,(anonymous_2)
FNDA:0,(anonymous_3)
DA:1,1
DA:2,1
DA:3,1
DA:4,1
DA:5,1
DA:8,1
DA:9,0
DA:10,0
DA:11,0
DA:13,0
DA:18,1
DA:19,0
DA:23,1
DA:24,1
DA:25,1
DA:26,1
DA:27,1
DA:29,0
DA:30,0
DA:35,1
DA:36,0
DA:37,0
DA:38,0
DA:39,0
DA:41,0
DA:43,0
DA:47,1
LF:27
LH:14
BRDA:26,0,0,0
BRDA:26,0,1,1
BRDA:29,1,0,0
BRDA:29,1,1,0
BRDA:38,2,0,0
BRDA:38,2,1,0
BRF:6
BRH:1
end_of_record
TN:
SF:routes/expenses.js
FN:8,(anonymous_0)
FN:22,(anonymous_1)
FN:32,(anonymous_2)
FN:45,(anonymous_3)
FN:50,(anonymous_4)
FN:61,(anonymous_5)
FN:74,(anonymous_6)
FN:92,(anonymous_7)
FN:110,(anonymous_8)
FNF:9
FNH:2
FNDA:0,(anonymous_0)
FNDA:0,(anonymous_1)
FNDA:0,(anonymous_2)
FNDA:1,(anonymous_3)
FNDA:0,(anonymous_4)
FNDA:0,(anonymous_5)
FNDA:2,(anonymous_6)
FNDA:0,(anonymous_7)
FNDA:0,(anonymous_8)
DA:1,1
DA:2,1
DA:3,1
DA:4,1
DA:5,1
DA:8,1
DA:9,0
DA:22,1
DA:23,0
DA:24,0
DA:25,0
DA:27,0
DA:32,1
DA:33,0
DA:34,0
DA:38,0
DA:40,0
DA:45,1
DA:46,1
DA:50,1
DA:51,0
DA:52,0
DA:54,0
DA:55,0
DA:58,0
DA:59,0
DA:61,0
DA:62,0
DA:65,0
DA:66,0
DA:67,0
DA:69,0
DA:74,1
DA:75,2
DA:77,1
DA:78,1
DA:83,1
DA:84,1
DA:85,1
DA:87,0
DA:92,1
DA:93,0
DA:94,0
DA:95,0
DA:96,0
DA:99,0
DA:101,0
DA:102,0
DA:103,0
DA:105,0
DA:110,1
DA:111,0
DA:112,0
DA:113,0
DA:114,0
DA:116,0
DA:118,0
DA:122,1
LF:58
LH:21
BRDA:13,0,0,0
BRDA:13,0,1,0
BRDA:14,1,0,0
BRDA:14,1,1,0
BRDA:15,2,0,0
BRDA:15,2,1,0
BRDA:16,3,0,0
BRDA:16,3,1,0
BRDA:17,4,0,0
BRDA:17,4,1,0
BRDA:54,5,0,0
BRDA:54,5,1,0
BRDA:75,6,0,1
BRDA:75,6,1,1
BRDA:95,7,0,0
BRDA:95,7,1,0
BRDA:99,8,0,0
BRDA:99,8,1,0
BRDA:99,9,0,0
BRDA:99,9,1,0
BRDA:113,10,0,0
BRDA:113,10,1,0
BRF:22
BRH:2
end_of_record
TN:
SF:utils/validators.js
FN:9,(anonymous_0)
FN:26,(anonymous_1)
FN:35,(anonymous_2)
FN:43,(anonymous_3)
FNF:4
FNH:4
FNDA:5,(anonymous_0)
FNDA:3,(anonymous_1)
FNDA:7,(anonymous_2)
FNDA:2,(anonymous_3)
DA:1,3
DA:9,3
DA:10,5
DA:11,2
DA:12,2
DA:16,2
DA:18,3
DA:26,3
DA:27,3
DA:35,3
DA:36,7
DA:43,3
DA:44,2
DA:56,3
LF:14
LH:14
BRDA:9,0,0,2
BRDA:10,1,0,2
BRDA:10,1,1,3
BRDA:11,2,0,2
BRDA:11,2,1,0
BRDA:27,3,0,3
BRDA:27,3,1,1
BRDA:36,4,0,7
BRDA:36,4,1,0
BRDA:45,5,0,2
BRDA:45,5,1,0
BRDA:48,6,0,2
BRDA:48,6,1,2
BRDA:49,7,0,2
BRDA:49,7,1,2
BRDA:51,8,0,2
BRDA:51,8,1,0
BRDA:52,9,0,2
BRDA:52,9,1,2
BRF:19
BRH:15
end_of_record
